# ELBREAD: Elaboration process.
# ELBREAD: Elaboration time 0.4 [s].
asim -O5 +access +r +m+testproc testproc testbench
# ELBREAD: Elaboration process.
# ELBREAD: Elaboration time 0.0 [s].
# VSIM: Stack memory: 32MB
# VSIM: Retval memory: 32MB
# 
acom -O3 -e 100 -work TP4 -2002  $dsn/src/testproc.vhd
# Warning: DAGGEN_0523: The source is compiled without the -dbg switch. Line breakpoints and assertion debug will not be available.
# File: d:\tarq\TP4\src\testproc.vhd
# Compile Entity "testproc"
# Compile Architecture "testbench" of Entity "testproc"
# Compile success 0 Errors 0 Warnings  Analysis time :  0.2 [s]
asim -O5 +access +r +m+testproc testproc testbench
# ELBREAD: Elaboration process.
# ELBREAD: Elaboration time 0.0 [s].
# VSIM: Stack memory: 32MB
# VSIM: Retval memory: 32MB
# 
# KERNEL: Main thread initiated.
# KERNEL: Kernel process initialization phase.
# KERNEL: Time resolution set to 1ps.
# ELAB2: Elaboration final pass...
# ELAB2: Create instances ...
# ELAB2: Create instances complete.
# SLP: Started
# SLP: Elaboration phase ...
# SLP: Elaboration phase ... skipped, nothing to simulate in SLP mode : 0.0 [s]
# SLP: Finished : 0.0 [s]
# ELAB2: Elaboration final pass complete - time: 0.2 [s].
# KERNEL: Warning: You are using the Active-HDL Student Edition. The performance of simulation is running at a reduced rate.
# KERNEL: Warning: Contact Aldec for available upgrade options - sales@aldec.com.
# KERNEL: Kernel process initialization done.
# Allocation: Simulator allocated 7226 kB (elbread=1280 elab2=5803 kernel=142 sdf=0)
# KERNEL: ASDB file was created in location d:\tarq\TP4\src\wave.asdb
#  20:44, sábado, 17 de noviembre de 2018
#  Simulation has been initialized
# add wave -noreg {/testproc/addres}
# add wave -noreg {/testproc/asinc_bus_pos}
# add wave -noreg {/testproc/asinc_bus_ins}
# add wave -noreg {/testproc/memory_data_micro_mem}
# add wave -noreg {/testproc/memory_data_mem_micro}
# add wave -noreg {/testproc/CLK}
# add wave -noreg {/testproc/We}
# add wave -noreg {/testproc/resetMem}
# add wave -noreg {/testproc/resetMicro}
# add wave -noreg {/testproc/enable}
# add wave -noreg {/testproc/clock_aux}
# add wave -noreg {/testproc/bus_pos}
# add wave -noreg {/testproc/bus_ins}
# 13 signal(s) traced.
# Waveform file 'untitled.awc' connected to 'd:/tarq/TP4/src/wave.asdb'.
# 1 signal(s) traced.
# 1 signal(s) traced.
run 200 ns
# KERNEL: Ingrese la operacion a realizar:
# KERNEL: 1) ADD
# KERNEL: 2) STORE
# KERNEL: 3) LOAD
# KERNEL: 4) JUMP
# KERNEL: 5) SUB
# KERNEL: 6) AND
# KERNEL: 7) OR
# KERNEL: 8) NOT
# KERNEL: 9) JZ
# KERNEL: 10) NOP
# KERNEL: 11) CARGAR DATO
# KERNEL: 0) EJECUTAR EL PROCESADOR
# RUNTIME: Fatal Error: RUNTIME_0048 testproc.vhd (193): Cannot open file "assmebler"; no such file or directory.
# KERNEL: Time: 5 ns,  Iteration: 0,  Instance: /testproc,  Process: STIMULUS.
# KERNEL: Stopped at time 5 ns + 0.
# VSIM: Error: Fatal error occurred during simulation.
acom -O3 -e 100 -work TP4 -2002  $dsn/src/testproc.vhd
# Warning: DAGGEN_0523: The source is compiled without the -dbg switch. Line breakpoints and assertion debug will not be available.
# File: d:\tarq\TP4\src\testproc.vhd
# Compile Entity "testproc"
# Compile Architecture "testbench" of Entity "testproc"
# Compile success 0 Errors 0 Warnings  Analysis time :  63.0 [ms]
restart
# ELBREAD: Elaboration process.
# ELBREAD: Elaboration time 0.0 [s].
# 
# KERNEL: Main thread initiated.
# KERNEL: Kernel process initialization phase.
# KERNEL: Time resolution set to 1ps.
# ELAB2: Elaboration final pass...
# ELAB2: Create instances ...
# ELAB2: Create instances complete.
# SLP: Started
# SLP: Elaboration phase ...
# SLP: Elaboration phase ... skipped, nothing to simulate in SLP mode : 0.0 [s]
# SLP: Finished : 0.0 [s]
# ELAB2: Elaboration final pass complete - time: 0.0 [s].
# KERNEL: Warning: You are using the Active-HDL Student Edition. The performance of simulation is running at a reduced rate.
# KERNEL: Warning: Contact Aldec for available upgrade options - sales@aldec.com.
# KERNEL: Kernel process initialization done.
# Allocation: Simulator allocated 7226 kB (elbread=1280 elab2=5803 kernel=142 sdf=0)
# KERNEL: ASDB file was created in location d:\tarq\TP4\src\wave.asdb
#  20:44, sábado, 17 de noviembre de 2018
#  Simulation has been initialized
# Waveform file 'untitled.awc' connected to 'd:/tarq/TP4/src/wave.asdb'.
run 200 ns
# KERNEL: Ingrese la operacion a realizar:
# KERNEL: 1) ADD
# KERNEL: 2) STORE
# KERNEL: 3) LOAD
# KERNEL: 4) JUMP
# KERNEL: 5) SUB
# KERNEL: 6) AND
# KERNEL: 7) OR
# KERNEL: 8) NOT
# KERNEL: 9) JZ
# KERNEL: 10) NOP
# KERNEL: 11) CARGAR DATO
# KERNEL: 0) EJECUTAR EL PROCESADOR
# KERNEL: FLUSH LINE
# KERNEL: 11
# KERNEL: Ingrese la direccion de memoria donde guardar
# KERNEL: Ingrese el dato a guardar
# KERNEL: 
# KERNEL: Ingrese la operacion a realizar:
# KERNEL: 1) ADD
# KERNEL: 2) STORE
# KERNEL: 3) LOAD
# KERNEL: 4) JUMP
# KERNEL: 5) SUB
# KERNEL: 6) AND
# KERNEL: 7) OR
# KERNEL: 8) NOT
# KERNEL: 9) JZ
# KERNEL: 10) NOP
# KERNEL: 11) CARGAR DATO
# KERNEL: 0) EJECUTAR EL PROCESADOR
# KERNEL: FLUSH LINE
# KERNEL: 11
# KERNEL: Ingrese la direccion de memoria donde guardar
# KERNEL: Ingrese el dato a guardar
# KERNEL: 
# KERNEL: Ingrese la operacion a realizar:
# KERNEL: 1) ADD
# KERNEL: 2) STORE
# KERNEL: 3) LOAD
# KERNEL: 4) JUMP
# KERNEL: 5) SUB
# KERNEL: 6) AND
# KERNEL: 7) OR
# KERNEL: 8) NOT
# KERNEL: 9) JZ
# KERNEL: 10) NOP
# KERNEL: 11) CARGAR DATO
# KERNEL: 0) EJECUTAR EL PROCESADOR
# KERNEL: FLUSH LINE
# KERNEL: 1
# KERNEL: Ingrese operando a utilizar:
# KERNEL: Ingrese la operacion a realizar:
# KERNEL: 1) ADD
# KERNEL: 2) STORE
# KERNEL: 3) LOAD
# KERNEL: 4) JUMP
# KERNEL: 5) SUB
# KERNEL: 6) AND
# KERNEL: 7) OR
# KERNEL: 8) NOT
# KERNEL: 9) JZ
# KERNEL: 10) NOP
# KERNEL: 11) CARGAR DATO
# KERNEL: 0) EJECUTAR EL PROCESADOR
# KERNEL: FLUSH LINE
# KERNEL: 5
# KERNEL: Ingrese operando a utilizar:
# KERNEL: Ingrese la operacion a realizar:
# KERNEL: 1) ADD
# KERNEL: 2) STORE
# KERNEL: 3) LOAD
# KERNEL: 4) JUMP
# KERNEL: 5) SUB
# KERNEL: 6) AND
# KERNEL: 7) OR
# KERNEL: 8) NOT
# KERNEL: 9) JZ
# KERNEL: 10) NOP
# KERNEL: 11) CARGAR DATO
# KERNEL: 0) EJECUTAR EL PROCESADOR
# KERNEL: FLUSH LINE
# KERNEL: 0
# KERNEL: stopped at time: 200 ns
run 200 ns
# KERNEL: stopped at time: 400 ns
run 200 ns
# KERNEL: stopped at time: 600 ns
restart
# ELBREAD: Elaboration process.
# ELBREAD: Elaboration time 0.0 [s].
# 
# KERNEL: Main thread initiated.
# KERNEL: Kernel process initialization phase.
# KERNEL: Time resolution set to 1ps.
# ELAB2: Elaboration final pass...
# ELAB2: Create instances ...
# ELAB2: Create instances complete.
# SLP: Started
# SLP: Elaboration phase ...
# SLP: Elaboration phase ... skipped, nothing to simulate in SLP mode : 0.0 [s]
# SLP: Finished : 0.0 [s]
# ELAB2: Elaboration final pass complete - time: 0.0 [s].
# KERNEL: Warning: You are using the Active-HDL Student Edition. The performance of simulation is running at a reduced rate.
# KERNEL: Warning: Contact Aldec for available upgrade options - sales@aldec.com.
# KERNEL: Kernel process initialization done.
# Allocation: Simulator allocated 7226 kB (elbread=1280 elab2=5803 kernel=142 sdf=0)
# KERNEL: ASDB file was created in location d:\tarq\TP4\src\wave.asdb
#  20:57, sábado, 17 de noviembre de 2018
#  Simulation has been initialized
# Waveform file 'untitled.awc' connected to 'd:/tarq/TP4/src/wave.asdb'.
run 200 ns
# KERNEL: Ingrese la operacion a realizar:
# KERNEL: 1) ADD
# KERNEL: 2) STORE
# KERNEL: 3) LOAD
# KERNEL: 4) JUMP
# KERNEL: 5) SUB
# KERNEL: 6) AND
# KERNEL: 7) OR
# KERNEL: 8) NOT
# KERNEL: 9) JZ
# KERNEL: 10) NOP
# KERNEL: 11) CARGAR DATO
# KERNEL: 0) EJECUTAR EL PROCESADOR
# KERNEL: FLUSH LINE
# KERNEL: 11
# KERNEL: Ingrese la direccion de memoria donde guardar
# KERNEL: Ingrese el dato a guardar
# KERNEL: 
# KERNEL: Ingrese la operacion a realizar:
# KERNEL: 1) ADD
# KERNEL: 2) STORE
# KERNEL: 3) LOAD
# KERNEL: 4) JUMP
# KERNEL: 5) SUB
# KERNEL: 6) AND
# KERNEL: 7) OR
# KERNEL: 8) NOT
# KERNEL: 9) JZ
# KERNEL: 10) NOP
# KERNEL: 11) CARGAR DATO
# KERNEL: 0) EJECUTAR EL PROCESADOR
# KERNEL: FLUSH LINE
# KERNEL: 11
# KERNEL: Ingrese la direccion de memoria donde guardar
# KERNEL: Ingrese el dato a guardar
# KERNEL: 
# KERNEL: Ingrese la operacion a realizar:
# KERNEL: 1) ADD
# KERNEL: 2) STORE
# KERNEL: 3) LOAD
# KERNEL: 4) JUMP
# KERNEL: 5) SUB
# KERNEL: 6) AND
# KERNEL: 7) OR
# KERNEL: 8) NOT
# KERNEL: 9) JZ
# KERNEL: 10) NOP
# KERNEL: 11) CARGAR DATO
# KERNEL: 0) EJECUTAR EL PROCESADOR
# KERNEL: FLUSH LINE
# KERNEL: 1
# KERNEL: Ingrese operando a utilizar:
# KERNEL: Ingrese la operacion a realizar:
# KERNEL: 1) ADD
# KERNEL: 2) STORE
# KERNEL: 3) LOAD
# KERNEL: 4) JUMP
# KERNEL: 5) SUB
# KERNEL: 6) AND
# KERNEL: 7) OR
# KERNEL: 8) NOT
# KERNEL: 9) JZ
# KERNEL: 10) NOP
# KERNEL: 11) CARGAR DATO
# KERNEL: 0) EJECUTAR EL PROCESADOR
# KERNEL: FLUSH LINE
# KERNEL: 5
# KERNEL: Ingrese operando a utilizar:
# KERNEL: Ingrese la operacion a realizar:
# KERNEL: 1) ADD
# KERNEL: 2) STORE
# KERNEL: 3) LOAD
# KERNEL: 4) JUMP
# KERNEL: 5) SUB
# KERNEL: 6) AND
# KERNEL: 7) OR
# KERNEL: 8) NOT
# KERNEL: 9) JZ
# KERNEL: 10) NOP
# KERNEL: 11) CARGAR DATO
# KERNEL: 0) EJECUTAR EL PROCESADOR
# KERNEL: FLUSH LINE
# KERNEL: 0
# KERNEL: stopped at time: 200 ns
run 200 ns
# KERNEL: stopped at time: 400 ns
run 200 ns
# KERNEL: stopped at time: 600 ns
restart
# ELBREAD: Elaboration process.
# ELBREAD: Elaboration time 0.0 [s].
# 
# KERNEL: Main thread initiated.
# KERNEL: Kernel process initialization phase.
# KERNEL: Time resolution set to 1ps.
# ELAB2: Elaboration final pass...
# ELAB2: Create instances ...
# ELAB2: Create instances complete.
# SLP: Started
# SLP: Elaboration phase ...
# SLP: Elaboration phase ... skipped, nothing to simulate in SLP mode : 0.0 [s]
# SLP: Finished : 0.0 [s]
# ELAB2: Elaboration final pass complete - time: 0.0 [s].
# KERNEL: Warning: You are using the Active-HDL Student Edition. The performance of simulation is running at a reduced rate.
# KERNEL: Warning: Contact Aldec for available upgrade options - sales@aldec.com.
# KERNEL: Kernel process initialization done.
# Allocation: Simulator allocated 7226 kB (elbread=1280 elab2=5803 kernel=142 sdf=0)
# KERNEL: ASDB file was created in location d:\tarq\TP4\src\wave.asdb
#  20:58, sábado, 17 de noviembre de 2018
#  Simulation has been initialized
# Waveform file 'untitled.awc' connected to 'd:/tarq/TP4/src/wave.asdb'.
run 200 ns
# KERNEL: Ingrese la operacion a realizar:
# KERNEL: 1) ADD
# KERNEL: 2) STORE
# KERNEL: 3) LOAD
# KERNEL: 4) JUMP
# KERNEL: 5) SUB
# KERNEL: 6) AND
# KERNEL: 7) OR
# KERNEL: 8) NOT
# KERNEL: 9) JZ
# KERNEL: 10) NOP
# KERNEL: 11) CARGAR DATO
# KERNEL: 0) EJECUTAR EL PROCESADOR
# KERNEL: FLUSH LINE
# KERNEL: 11
# KERNEL: Ingrese la direccion de memoria donde guardar
# KERNEL: Ingrese el dato a guardar
# KERNEL: 
# KERNEL: Ingrese la operacion a realizar:
# KERNEL: 1) ADD
# KERNEL: 2) STORE
# KERNEL: 3) LOAD
# KERNEL: 4) JUMP
# KERNEL: 5) SUB
# KERNEL: 6) AND
# KERNEL: 7) OR
# KERNEL: 8) NOT
# KERNEL: 9) JZ
# KERNEL: 10) NOP
# KERNEL: 11) CARGAR DATO
# KERNEL: 0) EJECUTAR EL PROCESADOR
# KERNEL: FLUSH LINE
# KERNEL: 11
# KERNEL: Ingrese la direccion de memoria donde guardar
# KERNEL: Ingrese el dato a guardar
# KERNEL: 
# KERNEL: Ingrese la operacion a realizar:
# KERNEL: 1) ADD
# KERNEL: 2) STORE
# KERNEL: 3) LOAD
# KERNEL: 4) JUMP
# KERNEL: 5) SUB
# KERNEL: 6) AND
# KERNEL: 7) OR
# KERNEL: 8) NOT
# KERNEL: 9) JZ
# KERNEL: 10) NOP
# KERNEL: 11) CARGAR DATO
# KERNEL: 0) EJECUTAR EL PROCESADOR
# KERNEL: FLUSH LINE
# KERNEL: 1
# KERNEL: Ingrese operando a utilizar:
# KERNEL: Ingrese la operacion a realizar:
# KERNEL: 1) ADD
# KERNEL: 2) STORE
# KERNEL: 3) LOAD
# KERNEL: 4) JUMP
# KERNEL: 5) SUB
# KERNEL: 6) AND
# KERNEL: 7) OR
# KERNEL: 8) NOT
# KERNEL: 9) JZ
# KERNEL: 10) NOP
# KERNEL: 11) CARGAR DATO
# KERNEL: 0) EJECUTAR EL PROCESADOR
# KERNEL: FLUSH LINE
# KERNEL: 5
# KERNEL: Ingrese operando a utilizar:
# KERNEL: Ingrese la operacion a realizar:
# KERNEL: 1) ADD
# KERNEL: 2) STORE
# KERNEL: 3) LOAD
# KERNEL: 4) JUMP
# KERNEL: 5) SUB
# KERNEL: 6) AND
# KERNEL: 7) OR
# KERNEL: 8) NOT
# KERNEL: 9) JZ
# KERNEL: 10) NOP
# KERNEL: 11) CARGAR DATO
# KERNEL: 0) EJECUTAR EL PROCESADOR
# KERNEL: FLUSH LINE
# KERNEL: 0
# KERNEL: stopped at time: 200 ns
run 200 ns
# KERNEL: stopped at time: 400 ns
endsim
# VSIM: Simulation has finished.
asim -O5 +access +r +m+testproc testproc testbench
# ELBREAD: Elaboration process.
# ELBREAD: Elaboration time 0.0 [s].
# VSIM: Stack memory: 32MB
# VSIM: Retval memory: 32MB
# 
# KERNEL: Main thread initiated.
# KERNEL: Kernel process initialization phase.
# KERNEL: Time resolution set to 1ps.
# ELAB2: Elaboration final pass...
# ELAB2: Create instances ...
# ELAB2: Create instances complete.
# SLP: Started
# SLP: Elaboration phase ...
# SLP: Elaboration phase ... skipped, nothing to simulate in SLP mode : 0.0 [s]
# SLP: Finished : 0.0 [s]
# ELAB2: Elaboration final pass complete - time: 0.1 [s].
# KERNEL: Warning: You are using the Active-HDL Student Edition. The performance of simulation is running at a reduced rate.
# KERNEL: Warning: Contact Aldec for available upgrade options - sales@aldec.com.
# KERNEL: Kernel process initialization done.
# Allocation: Simulator allocated 7226 kB (elbread=1280 elab2=5803 kernel=142 sdf=0)
# KERNEL: ASDB file was created in location d:\tarq\TP4\src\wave.asdb
#  20:58, sábado, 17 de noviembre de 2018
#  Simulation has been initialized
# Waveform file 'untitled.awc' connected to 'd:/tarq/TP4/src/wave.asdb'.
run 200 ns
# KERNEL: Ingrese la operacion a realizar:
# KERNEL: 1) ADD
# KERNEL: 2) STORE
# KERNEL: 3) LOAD
# KERNEL: 4) JUMP
# KERNEL: 5) SUB
# KERNEL: 6) AND
# KERNEL: 7) OR
# KERNEL: 8) NOT
# KERNEL: 9) JZ
# KERNEL: 10) NOP
# KERNEL: 11) CARGAR DATO
# KERNEL: 0) EJECUTAR EL PROCESADOR
# KERNEL: FLUSH LINE
# KERNEL: 11
# KERNEL: Ingrese la direccion de memoria donde guardar
# KERNEL: Ingrese el dato a guardar
# KERNEL: 
# KERNEL: Ingrese la operacion a realizar:
# KERNEL: 1) ADD
# KERNEL: 2) STORE
# KERNEL: 3) LOAD
# KERNEL: 4) JUMP
# KERNEL: 5) SUB
# KERNEL: 6) AND
# KERNEL: 7) OR
# KERNEL: 8) NOT
# KERNEL: 9) JZ
# KERNEL: 10) NOP
# KERNEL: 11) CARGAR DATO
# KERNEL: 0) EJECUTAR EL PROCESADOR
# KERNEL: FLUSH LINE
# KERNEL: 11
# KERNEL: Ingrese la direccion de memoria donde guardar
# KERNEL: Ingrese el dato a guardar
# KERNEL: 
# KERNEL: Ingrese la operacion a realizar:
# KERNEL: 1) ADD
# KERNEL: 2) STORE
# KERNEL: 3) LOAD
# KERNEL: 4) JUMP
# KERNEL: 5) SUB
# KERNEL: 6) AND
# KERNEL: 7) OR
# KERNEL: 8) NOT
# KERNEL: 9) JZ
# KERNEL: 10) NOP
# KERNEL: 11) CARGAR DATO
# KERNEL: 0) EJECUTAR EL PROCESADOR
# KERNEL: FLUSH LINE
# KERNEL: 1
# KERNEL: Ingrese operando a utilizar:
# KERNEL: Ingrese la operacion a realizar:
# KERNEL: 1) ADD
# KERNEL: 2) STORE
# KERNEL: 3) LOAD
# KERNEL: 4) JUMP
# KERNEL: 5) SUB
# KERNEL: 6) AND
# KERNEL: 7) OR
# KERNEL: 8) NOT
# KERNEL: 9) JZ
# KERNEL: 10) NOP
# KERNEL: 11) CARGAR DATO
# KERNEL: 0) EJECUTAR EL PROCESADOR
# KERNEL: FLUSH LINE
# KERNEL: 5
# KERNEL: Ingrese operando a utilizar:
# KERNEL: Ingrese la operacion a realizar:
# KERNEL: 1) ADD
# KERNEL: 2) STORE
# KERNEL: 3) LOAD
# KERNEL: 4) JUMP
# KERNEL: 5) SUB
# KERNEL: 6) AND
# KERNEL: 7) OR
# KERNEL: 8) NOT
# KERNEL: 9) JZ
# KERNEL: 10) NOP
# KERNEL: 11) CARGAR DATO
# KERNEL: 0) EJECUTAR EL PROCESADOR
# KERNEL: FLUSH LINE
# KERNEL: 0
# KERNEL: stopped at time: 200 ns
restart
# ELBREAD: Elaboration process.
# ELBREAD: Elaboration time 0.0 [s].
# 
# KERNEL: Main thread initiated.
# KERNEL: Kernel process initialization phase.
# KERNEL: Time resolution set to 1ps.
# ELAB2: Elaboration final pass...
# ELAB2: Create instances ...
# ELAB2: Create instances complete.
# SLP: Started
# SLP: Elaboration phase ...
# SLP: Elaboration phase ... skipped, nothing to simulate in SLP mode : 0.0 [s]
# SLP: Finished : 0.0 [s]
# ELAB2: Elaboration final pass complete - time: 0.0 [s].
# KERNEL: Warning: You are using the Active-HDL Student Edition. The performance of simulation is running at a reduced rate.
# KERNEL: Warning: Contact Aldec for available upgrade options - sales@aldec.com.
# KERNEL: Kernel process initialization done.
# Allocation: Simulator allocated 7226 kB (elbread=1280 elab2=5803 kernel=142 sdf=0)
# KERNEL: ASDB file was created in location d:\tarq\TP4\src\wave.asdb
#  21:00, sábado, 17 de noviembre de 2018
#  Simulation has been initialized
# Waveform file 'untitled.awc' connected to 'd:/tarq/TP4/src/wave.asdb'.
run 200 ns
# KERNEL: Ingrese la operacion a realizar:
# KERNEL: 1) ADD
# KERNEL: 2) STORE
# KERNEL: 3) LOAD
# KERNEL: 4) JUMP
# KERNEL: 5) SUB
# KERNEL: 6) AND
# KERNEL: 7) OR
# KERNEL: 8) NOT
# KERNEL: 9) JZ
# KERNEL: 10) NOP
# KERNEL: 11) CARGAR DATO
# KERNEL: 0) EJECUTAR EL PROCESADOR
# KERNEL: FLUSH LINE
# KERNEL: 11
# KERNEL: Ingrese la direccion de memoria donde guardar
# KERNEL: Ingrese el dato a guardar
# KERNEL: 
# KERNEL: Ingrese la operacion a realizar:
# KERNEL: 1) ADD
# KERNEL: 2) STORE
# KERNEL: 3) LOAD
# KERNEL: 4) JUMP
# KERNEL: 5) SUB
# KERNEL: 6) AND
# KERNEL: 7) OR
# KERNEL: 8) NOT
# KERNEL: 9) JZ
# KERNEL: 10) NOP
# KERNEL: 11) CARGAR DATO
# KERNEL: 0) EJECUTAR EL PROCESADOR
# KERNEL: FLUSH LINE
# KERNEL: 11
# KERNEL: Ingrese la direccion de memoria donde guardar
# KERNEL: Ingrese el dato a guardar
# KERNEL: 
# KERNEL: Ingrese la operacion a realizar:
# KERNEL: 1) ADD
# KERNEL: 2) STORE
# KERNEL: 3) LOAD
# KERNEL: 4) JUMP
# KERNEL: 5) SUB
# KERNEL: 6) AND
# KERNEL: 7) OR
# KERNEL: 8) NOT
# KERNEL: 9) JZ
# KERNEL: 10) NOP
# KERNEL: 11) CARGAR DATO
# KERNEL: 0) EJECUTAR EL PROCESADOR
# KERNEL: FLUSH LINE
# KERNEL: 1
# KERNEL: Ingrese operando a utilizar:
# KERNEL: Ingrese la operacion a realizar:
# KERNEL: 1) ADD
# KERNEL: 2) STORE
# KERNEL: 3) LOAD
# KERNEL: 4) JUMP
# KERNEL: 5) SUB
# KERNEL: 6) AND
# KERNEL: 7) OR
# KERNEL: 8) NOT
# KERNEL: 9) JZ
# KERNEL: 10) NOP
# KERNEL: 11) CARGAR DATO
# KERNEL: 0) EJECUTAR EL PROCESADOR
# KERNEL: FLUSH LINE
# KERNEL: 5
# KERNEL: Ingrese operando a utilizar:
# KERNEL: Ingrese la operacion a realizar:
# KERNEL: 1) ADD
# KERNEL: 2) STORE
# KERNEL: 3) LOAD
# KERNEL: 4) JUMP
# KERNEL: 5) SUB
# KERNEL: 6) AND
# KERNEL: 7) OR
# KERNEL: 8) NOT
# KERNEL: 9) JZ
# KERNEL: 10) NOP
# KERNEL: 11) CARGAR DATO
# KERNEL: 0) EJECUTAR EL PROCESADOR
# KERNEL: FLUSH LINE
# KERNEL: 0
# KERNEL: stopped at time: 200 ns
run 200 ns
# KERNEL: stopped at time: 400 ns
run 200 ns
# KERNEL: stopped at time: 600 ns
endsim
# VSIM: Simulation has finished.
asim -O5 +access +r +m+testproc testproc testbench
# ELBREAD: Elaboration process.
# ELBREAD: Elaboration time 0.0 [s].
# VSIM: Stack memory: 32MB
# VSIM: Retval memory: 32MB
# 
# KERNEL: Main thread initiated.
# KERNEL: Kernel process initialization phase.
# KERNEL: Time resolution set to 1ps.
# ELAB2: Elaboration final pass...
# ELAB2: Create instances ...
# ELAB2: Create instances complete.
# SLP: Started
# SLP: Elaboration phase ...
# SLP: Elaboration phase ... skipped, nothing to simulate in SLP mode : 0.0 [s]
# SLP: Finished : 0.0 [s]
# ELAB2: Elaboration final pass complete - time: 0.0 [s].
# KERNEL: Warning: You are using the Active-HDL Student Edition. The performance of simulation is running at a reduced rate.
# KERNEL: Warning: Contact Aldec for available upgrade options - sales@aldec.com.
# KERNEL: Kernel process initialization done.
# Allocation: Simulator allocated 7226 kB (elbread=1280 elab2=5803 kernel=142 sdf=0)
# KERNEL: ASDB file was created in location d:\tarq\TP4\src\wave.asdb
#  21:02, sábado, 17 de noviembre de 2018
#  Simulation has been initialized
# add wave -noreg {/testproc/addres}
# add wave -noreg {/testproc/asinc_bus_pos}
# add wave -noreg {/testproc/asinc_bus_ins}
# add wave -noreg {/testproc/memory_data_micro_mem}
# add wave -noreg {/testproc/memory_data_mem_micro}
# add wave -noreg {/testproc/CLK}
# add wave -noreg {/testproc/We}
# add wave -noreg {/testproc/resetMem}
# add wave -noreg {/testproc/resetMicro}
# add wave -noreg {/testproc/enable}
# add wave -noreg {/testproc/clock_aux}
# add wave -noreg {/testproc/bus_pos}
# add wave -noreg {/testproc/bus_ins}
# 13 signal(s) traced.
# Waveform file 'untitled.awc' connected to 'd:/tarq/TP4/src/wave.asdb'.
# 1 signal(s) traced.
run 200 ns
# KERNEL: Ingrese la operacion a realizar:
# KERNEL: 1) ADD
# KERNEL: 2) STORE
# KERNEL: 3) LOAD
# KERNEL: 4) JUMP
# KERNEL: 5) SUB
# KERNEL: 6) AND
# KERNEL: 7) OR
# KERNEL: 8) NOT
# KERNEL: 9) JZ
# KERNEL: 10) NOP
# KERNEL: 11) CARGAR DATO
# KERNEL: 0) EJECUTAR EL PROCESADOR
# KERNEL: FLUSH LINE
# KERNEL: 11
# KERNEL: Ingrese la direccion de memoria donde guardar
# KERNEL: Ingrese el dato a guardar
# KERNEL: 
# KERNEL: Ingrese la operacion a realizar:
# KERNEL: 1) ADD
# KERNEL: 2) STORE
# KERNEL: 3) LOAD
# KERNEL: 4) JUMP
# KERNEL: 5) SUB
# KERNEL: 6) AND
# KERNEL: 7) OR
# KERNEL: 8) NOT
# KERNEL: 9) JZ
# KERNEL: 10) NOP
# KERNEL: 11) CARGAR DATO
# KERNEL: 0) EJECUTAR EL PROCESADOR
# KERNEL: FLUSH LINE
# KERNEL: 11
# KERNEL: Ingrese la direccion de memoria donde guardar
# KERNEL: Ingrese el dato a guardar
# KERNEL: 
# KERNEL: Ingrese la operacion a realizar:
# KERNEL: 1) ADD
# KERNEL: 2) STORE
# KERNEL: 3) LOAD
# KERNEL: 4) JUMP
# KERNEL: 5) SUB
# KERNEL: 6) AND
# KERNEL: 7) OR
# KERNEL: 8) NOT
# KERNEL: 9) JZ
# KERNEL: 10) NOP
# KERNEL: 11) CARGAR DATO
# KERNEL: 0) EJECUTAR EL PROCESADOR
# KERNEL: FLUSH LINE
# KERNEL: 1
# KERNEL: Ingrese operando a utilizar:
# KERNEL: Ingrese la operacion a realizar:
# KERNEL: 1) ADD
# KERNEL: 2) STORE
# KERNEL: 3) LOAD
# KERNEL: 4) JUMP
# KERNEL: 5) SUB
# KERNEL: 6) AND
# KERNEL: 7) OR
# KERNEL: 8) NOT
# KERNEL: 9) JZ
# KERNEL: 10) NOP
# KERNEL: 11) CARGAR DATO
# KERNEL: 0) EJECUTAR EL PROCESADOR
# KERNEL: FLUSH LINE
# KERNEL: 5
# KERNEL: Ingrese operando a utilizar:
# KERNEL: Ingrese la operacion a realizar:
# KERNEL: 1) ADD
# KERNEL: 2) STORE
# KERNEL: 3) LOAD
# KERNEL: 4) JUMP
# KERNEL: 5) SUB
# KERNEL: 6) AND
# KERNEL: 7) OR
# KERNEL: 8) NOT
# KERNEL: 9) JZ
# KERNEL: 10) NOP
# KERNEL: 11) CARGAR DATO
# KERNEL: 0) EJECUTAR EL PROCESADOR
# KERNEL: FLUSH LINE
# KERNEL: 0
# KERNEL: stopped at time: 200 ns
# 1 signal(s) traced.
endsim
# VSIM: Simulation has finished.
asim -O5 +access +r +m+testproc testproc testbench
# ELBREAD: Elaboration process.
# ELBREAD: Elaboration time 0.0 [s].
# VSIM: Stack memory: 32MB
# VSIM: Retval memory: 32MB
# 
# KERNEL: Main thread initiated.
# KERNEL: Kernel process initialization phase.
# KERNEL: Time resolution set to 1ps.
# ELAB2: Elaboration final pass...
# ELAB2: Create instances ...
# ELAB2: Create instances complete.
# SLP: Started
# SLP: Elaboration phase ...
# SLP: Elaboration phase ... skipped, nothing to simulate in SLP mode : 0.0 [s]
# SLP: Finished : 0.0 [s]
# ELAB2: Elaboration final pass complete - time: 0.0 [s].
# KERNEL: Warning: You are using the Active-HDL Student Edition. The performance of simulation is running at a reduced rate.
# KERNEL: Warning: Contact Aldec for available upgrade options - sales@aldec.com.
# KERNEL: Kernel process initialization done.
# Allocation: Simulator allocated 7226 kB (elbread=1280 elab2=5803 kernel=142 sdf=0)
# KERNEL: ASDB file was created in location d:\tarq\TP4\src\wave.asdb
#  21:03, sábado, 17 de noviembre de 2018
#  Simulation has been initialized
# Waveform file 'untitled.awc' connected to 'd:/tarq/TP4/src/wave.asdb'.
run 200 ns
# KERNEL: Ingrese la operacion a realizar:
# KERNEL: 1) ADD
# KERNEL: 2) STORE
# KERNEL: 3) LOAD
# KERNEL: 4) JUMP
# KERNEL: 5) SUB
# KERNEL: 6) AND
# KERNEL: 7) OR
# KERNEL: 8) NOT
# KERNEL: 9) JZ
# KERNEL: 10) NOP
# KERNEL: 11) CARGAR DATO
# KERNEL: 0) EJECUTAR EL PROCESADOR
# KERNEL: FLUSH LINE
# KERNEL: 11
# KERNEL: Ingrese la direccion de memoria donde guardar
# KERNEL: Ingrese el dato a guardar
# KERNEL: 
# KERNEL: Ingrese la operacion a realizar:
# KERNEL: 1) ADD
# KERNEL: 2) STORE
# KERNEL: 3) LOAD
# KERNEL: 4) JUMP
# KERNEL: 5) SUB
# KERNEL: 6) AND
# KERNEL: 7) OR
# KERNEL: 8) NOT
# KERNEL: 9) JZ
# KERNEL: 10) NOP
# KERNEL: 11) CARGAR DATO
# KERNEL: 0) EJECUTAR EL PROCESADOR
# KERNEL: FLUSH LINE
# KERNEL: 11
# KERNEL: Ingrese la direccion de memoria donde guardar
# KERNEL: Ingrese el dato a guardar
# KERNEL: 
# KERNEL: Ingrese la operacion a realizar:
# KERNEL: 1) ADD
# KERNEL: 2) STORE
# KERNEL: 3) LOAD
# KERNEL: 4) JUMP
# KERNEL: 5) SUB
# KERNEL: 6) AND
# KERNEL: 7) OR
# KERNEL: 8) NOT
# KERNEL: 9) JZ
# KERNEL: 10) NOP
# KERNEL: 11) CARGAR DATO
# KERNEL: 0) EJECUTAR EL PROCESADOR
# KERNEL: FLUSH LINE
# KERNEL: 1
# KERNEL: Ingrese operando a utilizar:
# KERNEL: Ingrese la operacion a realizar:
# KERNEL: 1) ADD
# KERNEL: 2) STORE
# KERNEL: 3) LOAD
# KERNEL: 4) JUMP
# KERNEL: 5) SUB
# KERNEL: 6) AND
# KERNEL: 7) OR
# KERNEL: 8) NOT
# KERNEL: 9) JZ
# KERNEL: 10) NOP
# KERNEL: 11) CARGAR DATO
# KERNEL: 0) EJECUTAR EL PROCESADOR
# KERNEL: FLUSH LINE
# KERNEL: 5
# KERNEL: Ingrese operando a utilizar:
# KERNEL: Ingrese la operacion a realizar:
# KERNEL: 1) ADD
# KERNEL: 2) STORE
# KERNEL: 3) LOAD
# KERNEL: 4) JUMP
# KERNEL: 5) SUB
# KERNEL: 6) AND
# KERNEL: 7) OR
# KERNEL: 8) NOT
# KERNEL: 9) JZ
# KERNEL: 10) NOP
# KERNEL: 11) CARGAR DATO
# KERNEL: 0) EJECUTAR EL PROCESADOR
# KERNEL: FLUSH LINE
# KERNEL: 9
# KERNEL: Ingrese operando a utilizar:
# KERNEL: Ingrese la operacion a realizar:
# KERNEL: 1) ADD
# KERNEL: 2) STORE
# KERNEL: 3) LOAD
# KERNEL: 4) JUMP
# KERNEL: 5) SUB
# KERNEL: 6) AND
# KERNEL: 7) OR
# KERNEL: 8) NOT
# KERNEL: 9) JZ
# KERNEL: 10) NOP
# KERNEL: 11) CARGAR DATO
# KERNEL: 0) EJECUTAR EL PROCESADOR
# KERNEL: FLUSH LINE
# KERNEL: 4
# KERNEL: Ingrese operando a utilizar:
# KERNEL: Ingrese la operacion a realizar:
# KERNEL: 1) ADD
# KERNEL: 2) STORE
# KERNEL: 3) LOAD
# KERNEL: 4) JUMP
# KERNEL: 5) SUB
# KERNEL: 6) AND
# KERNEL: 7) OR
# KERNEL: 8) NOT
# KERNEL: 9) JZ
# KERNEL: 10) NOP
# KERNEL: 11) CARGAR DATO
# KERNEL: 0) EJECUTAR EL PROCESADOR
# KERNEL: FLUSH LINE
# KERNEL: 0
# KERNEL: stopped at time: 200 ns
run 200 ns
# KERNEL: stopped at time: 400 ns
run 200 ns
# KERNEL: stopped at time: 600 ns
run 200 ns
# KERNEL: stopped at time: 800 ns
run 200 ns
# KERNEL: stopped at time: 1 us
run 200 ns
# KERNEL: stopped at time: 1200 ns
run 200 ns
# KERNEL: stopped at time: 1400 ns
run 200 ns
# KERNEL: stopped at time: 1600 ns
restart
# ELBREAD: Elaboration process.
# ELBREAD: Elaboration time 0.0 [s].
# 
# KERNEL: Main thread initiated.
# KERNEL: Kernel process initialization phase.
# KERNEL: Time resolution set to 1ps.
# ELAB2: Elaboration final pass...
# ELAB2: Create instances ...
# ELAB2: Create instances complete.
# SLP: Started
# SLP: Elaboration phase ...
# SLP: Elaboration phase ... skipped, nothing to simulate in SLP mode : 0.0 [s]
# SLP: Finished : 0.0 [s]
# ELAB2: Elaboration final pass complete - time: 0.0 [s].
# KERNEL: Warning: You are using the Active-HDL Student Edition. The performance of simulation is running at a reduced rate.
# KERNEL: Warning: Contact Aldec for available upgrade options - sales@aldec.com.
# KERNEL: Kernel process initialization done.
# Allocation: Simulator allocated 7226 kB (elbread=1280 elab2=5803 kernel=142 sdf=0)
# KERNEL: ASDB file was created in location d:\tarq\TP4\src\wave.asdb
#  21:05, sábado, 17 de noviembre de 2018
#  Simulation has been initialized
# Waveform file 'untitled.awc' connected to 'd:/tarq/TP4/src/wave.asdb'.
run 200 ns
# KERNEL: Ingrese la operacion a realizar:
# KERNEL: 1) ADD
# KERNEL: 2) STORE
# KERNEL: 3) LOAD
# KERNEL: 4) JUMP
# KERNEL: 5) SUB
# KERNEL: 6) AND
# KERNEL: 7) OR
# KERNEL: 8) NOT
# KERNEL: 9) JZ
# KERNEL: 10) NOP
# KERNEL: 11) CARGAR DATO
# KERNEL: 0) EJECUTAR EL PROCESADOR
# KERNEL: FLUSH LINE
# KERNEL: 11
# KERNEL: Ingrese la direccion de memoria donde guardar
# KERNEL: Ingrese el dato a guardar
# KERNEL: 
# KERNEL: Ingrese la operacion a realizar:
# KERNEL: 1) ADD
# KERNEL: 2) STORE
# KERNEL: 3) LOAD
# KERNEL: 4) JUMP
# KERNEL: 5) SUB
# KERNEL: 6) AND
# KERNEL: 7) OR
# KERNEL: 8) NOT
# KERNEL: 9) JZ
# KERNEL: 10) NOP
# KERNEL: 11) CARGAR DATO
# KERNEL: 0) EJECUTAR EL PROCESADOR
# KERNEL: FLUSH LINE
# KERNEL: 11
# KERNEL: Ingrese la direccion de memoria donde guardar
# KERNEL: Ingrese el dato a guardar
# KERNEL: 
# KERNEL: Ingrese la operacion a realizar:
# KERNEL: 1) ADD
# KERNEL: 2) STORE
# KERNEL: 3) LOAD
# KERNEL: 4) JUMP
# KERNEL: 5) SUB
# KERNEL: 6) AND
# KERNEL: 7) OR
# KERNEL: 8) NOT
# KERNEL: 9) JZ
# KERNEL: 10) NOP
# KERNEL: 11) CARGAR DATO
# KERNEL: 0) EJECUTAR EL PROCESADOR
# KERNEL: FLUSH LINE
# KERNEL: 1
# KERNEL: Ingrese operando a utilizar:
# KERNEL: Ingrese la operacion a realizar:
# KERNEL: 1) ADD
# KERNEL: 2) STORE
# KERNEL: 3) LOAD
# KERNEL: 4) JUMP
# KERNEL: 5) SUB
# KERNEL: 6) AND
# KERNEL: 7) OR
# KERNEL: 8) NOT
# KERNEL: 9) JZ
# KERNEL: 10) NOP
# KERNEL: 11) CARGAR DATO
# KERNEL: 0) EJECUTAR EL PROCESADOR
# KERNEL: FLUSH LINE
# KERNEL: 5
# KERNEL: Ingrese operando a utilizar:
# KERNEL: Ingrese la operacion a realizar:
# KERNEL: 1) ADD
# KERNEL: 2) STORE
# KERNEL: 3) LOAD
# KERNEL: 4) JUMP
# KERNEL: 5) SUB
# KERNEL: 6) AND
# KERNEL: 7) OR
# KERNEL: 8) NOT
# KERNEL: 9) JZ
# KERNEL: 10) NOP
# KERNEL: 11) CARGAR DATO
# KERNEL: 0) EJECUTAR EL PROCESADOR
# KERNEL: FLUSH LINE
# KERNEL: 9
# KERNEL: Ingrese operando a utilizar:
# KERNEL: Ingrese la operacion a realizar:
# KERNEL: 1) ADD
# KERNEL: 2) STORE
# KERNEL: 3) LOAD
# KERNEL: 4) JUMP
# KERNEL: 5) SUB
# KERNEL: 6) AND
# KERNEL: 7) OR
# KERNEL: 8) NOT
# KERNEL: 9) JZ
# KERNEL: 10) NOP
# KERNEL: 11) CARGAR DATO
# KERNEL: 0) EJECUTAR EL PROCESADOR
# KERNEL: FLUSH LINE
# KERNEL: 4
# KERNEL: Ingrese operando a utilizar:
# KERNEL: Ingrese la operacion a realizar:
# KERNEL: 1) ADD
# KERNEL: 2) STORE
# KERNEL: 3) LOAD
# KERNEL: 4) JUMP
# KERNEL: 5) SUB
# KERNEL: 6) AND
# KERNEL: 7) OR
# KERNEL: 8) NOT
# KERNEL: 9) JZ
# KERNEL: 10) NOP
# KERNEL: 11) CARGAR DATO
# KERNEL: 0) EJECUTAR EL PROCESADOR
# KERNEL: FLUSH LINE
# KERNEL: 0
# KERNEL: stopped at time: 200 ns
run 200 ns
# KERNEL: stopped at time: 400 ns
run 200 ns
# KERNEL: stopped at time: 600 ns
run 200 ns
# KERNEL: stopped at time: 800 ns
restart
# ELBREAD: Elaboration process.
# ELBREAD: Elaboration time 0.0 [s].
# 
# KERNEL: Main thread initiated.
# KERNEL: Kernel process initialization phase.
# KERNEL: Time resolution set to 1ps.
# ELAB2: Elaboration final pass...
# ELAB2: Create instances ...
# ELAB2: Create instances complete.
# SLP: Started
# SLP: Elaboration phase ...
# SLP: Elaboration phase ... skipped, nothing to simulate in SLP mode : 0.0 [s]
# SLP: Finished : 0.0 [s]
# ELAB2: Elaboration final pass complete - time: 0.0 [s].
# KERNEL: Warning: You are using the Active-HDL Student Edition. The performance of simulation is running at a reduced rate.
# KERNEL: Warning: Contact Aldec for available upgrade options - sales@aldec.com.
# KERNEL: Kernel process initialization done.
# Allocation: Simulator allocated 7226 kB (elbread=1280 elab2=5803 kernel=142 sdf=0)
# KERNEL: ASDB file was created in location d:\tarq\TP4\src\wave.asdb
#  21:07, sábado, 17 de noviembre de 2018
#  Simulation has been initialized
# Waveform file 'untitled.awc' connected to 'd:/tarq/TP4/src/wave.asdb'.
run 200 ns
# KERNEL: Ingrese la operacion a realizar:
# KERNEL: 1) ADD
# KERNEL: 2) STORE
# KERNEL: 3) LOAD
# KERNEL: 4) JUMP
# KERNEL: 5) SUB
# KERNEL: 6) AND
# KERNEL: 7) OR
# KERNEL: 8) NOT
# KERNEL: 9) JZ
# KERNEL: 10) NOP
# KERNEL: 11) CARGAR DATO
# KERNEL: 0) EJECUTAR EL PROCESADOR
# KERNEL: FLUSH LINE
# KERNEL: 11
# KERNEL: Ingrese la direccion de memoria donde guardar
# KERNEL: Ingrese el dato a guardar
# KERNEL: 
# KERNEL: Ingrese la operacion a realizar:
# KERNEL: 1) ADD
# KERNEL: 2) STORE
# KERNEL: 3) LOAD
# KERNEL: 4) JUMP
# KERNEL: 5) SUB
# KERNEL: 6) AND
# KERNEL: 7) OR
# KERNEL: 8) NOT
# KERNEL: 9) JZ
# KERNEL: 10) NOP
# KERNEL: 11) CARGAR DATO
# KERNEL: 0) EJECUTAR EL PROCESADOR
# KERNEL: FLUSH LINE
# KERNEL: 11
# KERNEL: Ingrese la direccion de memoria donde guardar
# KERNEL: Ingrese el dato a guardar
# KERNEL: 
# KERNEL: Ingrese la operacion a realizar:
# KERNEL: 1) ADD
# KERNEL: 2) STORE
# KERNEL: 3) LOAD
# KERNEL: 4) JUMP
# KERNEL: 5) SUB
# KERNEL: 6) AND
# KERNEL: 7) OR
# KERNEL: 8) NOT
# KERNEL: 9) JZ
# KERNEL: 10) NOP
# KERNEL: 11) CARGAR DATO
# KERNEL: 0) EJECUTAR EL PROCESADOR
# KERNEL: FLUSH LINE
# KERNEL: 1
# KERNEL: Ingrese operando a utilizar:
# KERNEL: Ingrese la operacion a realizar:
# KERNEL: 1) ADD
# KERNEL: 2) STORE
# KERNEL: 3) LOAD
# KERNEL: 4) JUMP
# KERNEL: 5) SUB
# KERNEL: 6) AND
# KERNEL: 7) OR
# KERNEL: 8) NOT
# KERNEL: 9) JZ
# KERNEL: 10) NOP
# KERNEL: 11) CARGAR DATO
# KERNEL: 0) EJECUTAR EL PROCESADOR
# KERNEL: FLUSH LINE
# KERNEL: 5
# KERNEL: Ingrese operando a utilizar:
# KERNEL: Ingrese la operacion a realizar:
# KERNEL: 1) ADD
# KERNEL: 2) STORE
# KERNEL: 3) LOAD
# KERNEL: 4) JUMP
# KERNEL: 5) SUB
# KERNEL: 6) AND
# KERNEL: 7) OR
# KERNEL: 8) NOT
# KERNEL: 9) JZ
# KERNEL: 10) NOP
# KERNEL: 11) CARGAR DATO
# KERNEL: 0) EJECUTAR EL PROCESADOR
# KERNEL: FLUSH LINE
# KERNEL: 9
# KERNEL: Ingrese operando a utilizar:
# KERNEL: Ingrese la operacion a realizar:
# KERNEL: 1) ADD
# KERNEL: 2) STORE
# KERNEL: 3) LOAD
# KERNEL: 4) JUMP
# KERNEL: 5) SUB
# KERNEL: 6) AND
# KERNEL: 7) OR
# KERNEL: 8) NOT
# KERNEL: 9) JZ
# KERNEL: 10) NOP
# KERNEL: 11) CARGAR DATO
# KERNEL: 0) EJECUTAR EL PROCESADOR
# KERNEL: FLUSH LINE
# KERNEL: 4
# KERNEL: Ingrese operando a utilizar:
# KERNEL: Ingrese la operacion a realizar:
# KERNEL: 1) ADD
# KERNEL: 2) STORE
# KERNEL: 3) LOAD
# KERNEL: 4) JUMP
# KERNEL: 5) SUB
# KERNEL: 6) AND
# KERNEL: 7) OR
# KERNEL: 8) NOT
# KERNEL: 9) JZ
# KERNEL: 10) NOP
# KERNEL: 11) CARGAR DATO
# KERNEL: 0) EJECUTAR EL PROCESADOR
# KERNEL: FLUSH LINE
# KERNEL: 0
# KERNEL: stopped at time: 200 ns
run 200 ns
# KERNEL: stopped at time: 400 ns
run 200 ns
# KERNEL: stopped at time: 600 ns
run 200 ns
# KERNEL: stopped at time: 800 ns
run 200 ns
# KERNEL: stopped at time: 1 us
run 200 ns
# KERNEL: stopped at time: 1200 ns
run 200 ns
# KERNEL: stopped at time: 1400 ns
run 200 ns
# KERNEL: stopped at time: 1600 ns
run 200 ns
# KERNEL: stopped at time: 1800 ns
run 200 ns
# KERNEL: stopped at time: 2 us
run 200 ns
# KERNEL: stopped at time: 2200 ns
run 200 ns
# KERNEL: stopped at time: 2400 ns
run 200 ns
# KERNEL: stopped at time: 2600 ns
run 200 ns
# KERNEL: stopped at time: 2800 ns
run 200 ns
# KERNEL: stopped at time: 3 us
run 200 ns
# KERNEL: stopped at time: 3200 ns
run 200 ns
# KERNEL: stopped at time: 3400 ns
run 200 ns
# KERNEL: stopped at time: 3600 ns
run 200 ns
# KERNEL: stopped at time: 3800 ns
run 200 ns
# KERNEL: stopped at time: 4 us
restart
# ELBREAD: Elaboration process.
# ELBREAD: Elaboration time 0.0 [s].
# 
# KERNEL: Main thread initiated.
# KERNEL: Kernel process initialization phase.
# KERNEL: Time resolution set to 1ps.
# ELAB2: Elaboration final pass...
# ELAB2: Create instances ...
# ELAB2: Create instances complete.
# SLP: Started
# SLP: Elaboration phase ...
# SLP: Elaboration phase ... skipped, nothing to simulate in SLP mode : 0.0 [s]
# SLP: Finished : 0.0 [s]
# ELAB2: Elaboration final pass complete - time: 0.0 [s].
# KERNEL: Warning: You are using the Active-HDL Student Edition. The performance of simulation is running at a reduced rate.
# KERNEL: Warning: Contact Aldec for available upgrade options - sales@aldec.com.
# KERNEL: Kernel process initialization done.
# Allocation: Simulator allocated 7226 kB (elbread=1280 elab2=5803 kernel=142 sdf=0)
# KERNEL: ASDB file was created in location d:\tarq\TP4\src\wave.asdb
#  21:17, sábado, 17 de noviembre de 2018
#  Simulation has been initialized
# Waveform file 'untitled.awc' connected to 'd:/tarq/TP4/src/wave.asdb'.
run 200 ns
# KERNEL: Ingrese la operacion a realizar:
# KERNEL: 1) ADD
# KERNEL: 2) STORE
# KERNEL: 3) LOAD
# KERNEL: 4) JUMP
# KERNEL: 5) SUB
# KERNEL: 6) AND
# KERNEL: 7) OR
# KERNEL: 8) NOT
# KERNEL: 9) JZ
# KERNEL: 10) NOP
# KERNEL: 11) CARGAR DATO
# KERNEL: 0) EJECUTAR EL PROCESADOR
# KERNEL: FLUSH LINE
# KERNEL: 11
# KERNEL: Ingrese la direccion de memoria donde guardar
# KERNEL: Ingrese el dato a guardar
# KERNEL: 
# KERNEL: Ingrese la operacion a realizar:
# KERNEL: 1) ADD
# KERNEL: 2) STORE
# KERNEL: 3) LOAD
# KERNEL: 4) JUMP
# KERNEL: 5) SUB
# KERNEL: 6) AND
# KERNEL: 7) OR
# KERNEL: 8) NOT
# KERNEL: 9) JZ
# KERNEL: 10) NOP
# KERNEL: 11) CARGAR DATO
# KERNEL: 0) EJECUTAR EL PROCESADOR
# KERNEL: FLUSH LINE
# KERNEL: 11
# KERNEL: Ingrese la direccion de memoria donde guardar
# KERNEL: Ingrese el dato a guardar
# KERNEL: 
# KERNEL: Ingrese la operacion a realizar:
# KERNEL: 1) ADD
# KERNEL: 2) STORE
# KERNEL: 3) LOAD
# KERNEL: 4) JUMP
# KERNEL: 5) SUB
# KERNEL: 6) AND
# KERNEL: 7) OR
# KERNEL: 8) NOT
# KERNEL: 9) JZ
# KERNEL: 10) NOP
# KERNEL: 11) CARGAR DATO
# KERNEL: 0) EJECUTAR EL PROCESADOR
# KERNEL: FLUSH LINE
# KERNEL: 1
# KERNEL: Ingrese operando a utilizar:
# KERNEL: Ingrese la operacion a realizar:
# KERNEL: 1) ADD
# KERNEL: 2) STORE
# KERNEL: 3) LOAD
# KERNEL: 4) JUMP
# KERNEL: 5) SUB
# KERNEL: 6) AND
# KERNEL: 7) OR
# KERNEL: 8) NOT
# KERNEL: 9) JZ
# KERNEL: 10) NOP
# KERNEL: 11) CARGAR DATO
# KERNEL: 0) EJECUTAR EL PROCESADOR
# KERNEL: FLUSH LINE
# KERNEL: 5
# KERNEL: Ingrese operando a utilizar:
# KERNEL: Ingrese la operacion a realizar:
# KERNEL: 1) ADD
# KERNEL: 2) STORE
# KERNEL: 3) LOAD
# KERNEL: 4) JUMP
# KERNEL: 5) SUB
# KERNEL: 6) AND
# KERNEL: 7) OR
# KERNEL: 8) NOT
# KERNEL: 9) JZ
# KERNEL: 10) NOP
# KERNEL: 11) CARGAR DATO
# KERNEL: 0) EJECUTAR EL PROCESADOR
# KERNEL: FLUSH LINE
# KERNEL: 9
# KERNEL: Ingrese operando a utilizar:
# KERNEL: Ingrese la operacion a realizar:
# KERNEL: 1) ADD
# KERNEL: 2) STORE
# KERNEL: 3) LOAD
# KERNEL: 4) JUMP
# KERNEL: 5) SUB
# KERNEL: 6) AND
# KERNEL: 7) OR
# KERNEL: 8) NOT
# KERNEL: 9) JZ
# KERNEL: 10) NOP
# KERNEL: 11) CARGAR DATO
# KERNEL: 0) EJECUTAR EL PROCESADOR
# KERNEL: FLUSH LINE
# KERNEL: 4
# KERNEL: Ingrese operando a utilizar:
# KERNEL: Ingrese la operacion a realizar:
# KERNEL: 1) ADD
# KERNEL: 2) STORE
# KERNEL: 3) LOAD
# KERNEL: 4) JUMP
# KERNEL: 5) SUB
# KERNEL: 6) AND
# KERNEL: 7) OR
# KERNEL: 8) NOT
# KERNEL: 9) JZ
# KERNEL: 10) NOP
# KERNEL: 11) CARGAR DATO
# KERNEL: 0) EJECUTAR EL PROCESADOR
# KERNEL: FLUSH LINE
# KERNEL: 0
# KERNEL: stopped at time: 200 ns
run 200 ns
# KERNEL: stopped at time: 400 ns
run 200 ns
# KERNEL: stopped at time: 600 ns
run 200 ns
# KERNEL: stopped at time: 800 ns
run 200 ns
# KERNEL: stopped at time: 1 us
run 200 ns
# KERNEL: stopped at time: 1200 ns
run 200 ns
# KERNEL: stopped at time: 1400 ns
run 200 ns
# KERNEL: stopped at time: 1600 ns
run 200 ns
# KERNEL: stopped at time: 1800 ns
run 200 ns
# KERNEL: stopped at time: 2 us
run 200 ns
# KERNEL: stopped at time: 2200 ns
run 200 ns
# KERNEL: stopped at time: 2400 ns
run 200 ns
# KERNEL: stopped at time: 2600 ns
run 200 ns
# KERNEL: stopped at time: 2800 ns
run 200 ns
# KERNEL: stopped at time: 3 us
run 200 ns
# KERNEL: stopped at time: 3200 ns
endsim
# VSIM: Simulation has finished.
asim -O5 +access +r +m+testproc testproc testbench
# ELBREAD: Elaboration process.
# ELBREAD: Elaboration time 0.0 [s].
# VSIM: Stack memory: 32MB
# VSIM: Retval memory: 32MB
# 
# KERNEL: Main thread initiated.
# KERNEL: Kernel process initialization phase.
# KERNEL: Time resolution set to 1ps.
# ELAB2: Elaboration final pass...
# ELAB2: Create instances ...
# ELAB2: Create instances complete.
# SLP: Started
# SLP: Elaboration phase ...
# SLP: Elaboration phase ... skipped, nothing to simulate in SLP mode : 0.0 [s]
# SLP: Finished : 0.0 [s]
# ELAB2: Elaboration final pass complete - time: 0.1 [s].
# KERNEL: Warning: You are using the Active-HDL Student Edition. The performance of simulation is running at a reduced rate.
# KERNEL: Warning: Contact Aldec for available upgrade options - sales@aldec.com.
# KERNEL: Kernel process initialization done.
# Allocation: Simulator allocated 7226 kB (elbread=1280 elab2=5803 kernel=142 sdf=0)
# KERNEL: ASDB file was created in location d:\tarq\TP4\src\wave.asdb
#  22:08, sábado, 17 de noviembre de 2018
#  Simulation has been initialized
# Waveform file 'untitled.awc' connected to 'd:/tarq/TP4/src/wave.asdb'.
run 200 ns
# KERNEL: Ingrese la operacion a realizar:
# KERNEL: 1) ADD
# KERNEL: 2) STORE
# KERNEL: 3) LOAD
# KERNEL: 4) JUMP
# KERNEL: 5) SUB
# KERNEL: 6) AND
# KERNEL: 7) OR
# KERNEL: 8) NOT
# KERNEL: 9) JZ
# KERNEL: 10) NOP
# KERNEL: 11) CARGAR DATO
# KERNEL: 0) EJECUTAR EL PROCESADOR
# KERNEL: FLUSH LINE
# KERNEL: 11
# KERNEL: Ingrese la direccion de memoria donde guardar
# KERNEL: Ingrese el dato a guardar
# KERNEL: 
# KERNEL: Ingrese la operacion a realizar:
# KERNEL: 1) ADD
# KERNEL: 2) STORE
# KERNEL: 3) LOAD
# KERNEL: 4) JUMP
# KERNEL: 5) SUB
# KERNEL: 6) AND
# KERNEL: 7) OR
# KERNEL: 8) NOT
# KERNEL: 9) JZ
# KERNEL: 10) NOP
# KERNEL: 11) CARGAR DATO
# KERNEL: 0) EJECUTAR EL PROCESADOR
# KERNEL: FLUSH LINE
# KERNEL: 11
# KERNEL: Ingrese la direccion de memoria donde guardar
# KERNEL: Ingrese el dato a guardar
# KERNEL: 
# KERNEL: Ingrese la operacion a realizar:
# KERNEL: 1) ADD
# KERNEL: 2) STORE
# KERNEL: 3) LOAD
# KERNEL: 4) JUMP
# KERNEL: 5) SUB
# KERNEL: 6) AND
# KERNEL: 7) OR
# KERNEL: 8) NOT
# KERNEL: 9) JZ
# KERNEL: 10) NOP
# KERNEL: 11) CARGAR DATO
# KERNEL: 0) EJECUTAR EL PROCESADOR
# KERNEL: FLUSH LINE
# KERNEL: 1
# KERNEL: Ingrese operando a utilizar:
# KERNEL: Ingrese la operacion a realizar:
# KERNEL: 1) ADD
# KERNEL: 2) STORE
# KERNEL: 3) LOAD
# KERNEL: 4) JUMP
# KERNEL: 5) SUB
# KERNEL: 6) AND
# KERNEL: 7) OR
# KERNEL: 8) NOT
# KERNEL: 9) JZ
# KERNEL: 10) NOP
# KERNEL: 11) CARGAR DATO
# KERNEL: 0) EJECUTAR EL PROCESADOR
# KERNEL: FLUSH LINE
# KERNEL: 5
# KERNEL: Ingrese operando a utilizar:
# KERNEL: Ingrese la operacion a realizar:
# KERNEL: 1) ADD
# KERNEL: 2) STORE
# KERNEL: 3) LOAD
# KERNEL: 4) JUMP
# KERNEL: 5) SUB
# KERNEL: 6) AND
# KERNEL: 7) OR
# KERNEL: 8) NOT
# KERNEL: 9) JZ
# KERNEL: 10) NOP
# KERNEL: 11) CARGAR DATO
# KERNEL: 0) EJECUTAR EL PROCESADOR
# KERNEL: FLUSH LINE
# KERNEL: 9
# KERNEL: Ingrese operando a utilizar:
# KERNEL: Ingrese la operacion a realizar:
# KERNEL: 1) ADD
# KERNEL: 2) STORE
# KERNEL: 3) LOAD
# KERNEL: 4) JUMP
# KERNEL: 5) SUB
# KERNEL: 6) AND
# KERNEL: 7) OR
# KERNEL: 8) NOT
# KERNEL: 9) JZ
# KERNEL: 10) NOP
# KERNEL: 11) CARGAR DATO
# KERNEL: 0) EJECUTAR EL PROCESADOR
# KERNEL: FLUSH LINE
# KERNEL: 4
# KERNEL: Ingrese operando a utilizar:
# KERNEL: Ingrese la operacion a realizar:
# KERNEL: 1) ADD
# KERNEL: 2) STORE
# KERNEL: 3) LOAD
# KERNEL: 4) JUMP
# KERNEL: 5) SUB
# KERNEL: 6) AND
# KERNEL: 7) OR
# KERNEL: 8) NOT
# KERNEL: 9) JZ
# KERNEL: 10) NOP
# KERNEL: 11) CARGAR DATO
# KERNEL: 0) EJECUTAR EL PROCESADOR
# KERNEL: FLUSH LINE
# KERNEL: 0
# KERNEL: stopped at time: 200 ns
run 200 ns
# KERNEL: stopped at time: 400 ns
run 200 ns
# KERNEL: stopped at time: 600 ns
run 200 ns
# KERNEL: stopped at time: 800 ns
run 200 ns
# KERNEL: stopped at time: 1 us
run 200 ns
# KERNEL: stopped at time: 1200 ns
run 200 ns
# KERNEL: stopped at time: 1400 ns
run 200 ns
# KERNEL: stopped at time: 1600 ns
run 200 ns
# KERNEL: stopped at time: 1800 ns
run 200 ns
# KERNEL: stopped at time: 2 us
run 200 ns
# KERNEL: stopped at time: 2200 ns
run 200 ns
# KERNEL: stopped at time: 2400 ns
run 200 ns
# KERNEL: stopped at time: 2600 ns
run 200 ns
# KERNEL: stopped at time: 2800 ns
run 200 ns
# KERNEL: stopped at time: 3 us
run 200 ns
# KERNEL: stopped at time: 3200 ns
